android/UnityExport/unityLibrary/build/intermediates/manifest_merge_blame_file/debug/manifest-merger-blame-debug-report.txt
1<?xml version="1.0" encoding="utf-8"?>
2<!-- GENERATED BY UNITY. REMOVE THIS COMMENT TO PREVENT OVERWRITING WHEN EXPORTING AGAIN -->
3<manifest xmlns:android="http://schemas.android.com/apk/res/android"
4    xmlns:tools="http://schemas.android.com/tools"
5    package="com.unity3d.player"
6    android:versionCode="1"
7    android:versionName="1.0" >
8
9    <uses-sdk
10        android:minSdkVersion="24"
10-->src\main\AndroidManifest.xml
11        android:targetSdkVersion="29" />
11-->src\main\AndroidManifest.xml
12
13    <uses-feature android:glEsVersion="0x00020000" />
13-->src\main\AndroidManifest.xml:17:3-52
13-->src\main\AndroidManifest.xml:17:17-49
14
15    <uses-permission android:name="android.permission.INTERNET" />
15-->src\main\AndroidManifest.xml:18:3-65
15-->src\main\AndroidManifest.xml:18:20-62
16
17    <uses-feature
17-->src\main\AndroidManifest.xml:19:3-88
18        android:name="android.hardware.touchscreen"
18-->src\main\AndroidManifest.xml:19:17-60
19        android:required="false" />
19-->src\main\AndroidManifest.xml:19:61-85
20    <uses-feature
20-->src\main\AndroidManifest.xml:20:3-99
21        android:name="android.hardware.touchscreen.multitouch"
21-->src\main\AndroidManifest.xml:20:17-71
22        android:required="false" />
22-->src\main\AndroidManifest.xml:20:72-96
23    <uses-feature
23-->src\main\AndroidManifest.xml:21:3-108
24        android:name="android.hardware.touchscreen.multitouch.distinct"
24-->src\main\AndroidManifest.xml:21:17-80
25        android:required="false" />
25-->src\main\AndroidManifest.xml:21:81-105
26
27    <application>
27-->src\main\AndroidManifest.xml:4:3-16:17
28        <activity
28-->src\main\AndroidManifest.xml:5:5-11:16
29            android:name="com.unity3d.player.UnityPlayerActivity"
29-->src\main\AndroidManifest.xml:5:15-68
30            android:configChanges="mcc|mnc|locale|touchscreen|keyboard|keyboardHidden|navigation|orientation|screenLayout|uiMode|screenSize|smallestScreenSize|fontScale|layoutDirection|density"
30-->src\main\AndroidManifest.xml:5:140-321
31            android:hardwareAccelerated="false"
31-->src\main\AndroidManifest.xml:5:322-357
32            android:launchMode="singleTask"
32-->src\main\AndroidManifest.xml:5:108-139
33            android:screenOrientation="fullSensor" >
33-->src\main\AndroidManifest.xml:5:69-107
34
35            <!--
36           <intent-filter>
37                <action android:name="android.intent.action.MAIN" />
38                <category android:name="android.intent.category.LAUNCHER" />
39            </intent-filter>
40            -->
41            <meta-data
41-->src\main\AndroidManifest.xml:10:7-82
42                android:name="unityplayer.UnityActivity"
42-->src\main\AndroidManifest.xml:10:18-58
43                android:value="true" />
43-->src\main\AndroidManifest.xml:10:59-79
44        </activity>
45
46        <meta-data
46-->src\main\AndroidManifest.xml:12:5-69
47            android:name="unity.splash-mode"
47-->src\main\AndroidManifest.xml:12:16-48
48            android:value="0" />
48-->src\main\AndroidManifest.xml:12:49-66
49        <meta-data
49-->src\main\AndroidManifest.xml:13:5-74
50            android:name="unity.splash-enable"
50-->src\main\AndroidManifest.xml:13:16-50
51            android:value="True" />
51-->src\main\AndroidManifest.xml:13:51-71
52        <meta-data
52-->src\main\AndroidManifest.xml:14:5-81
53            android:name="notch.config"
53-->src\main\AndroidManifest.xml:14:16-43
54            android:value="portrait|landscape" />
54-->src\main\AndroidManifest.xml:14:44-78
55        <meta-data
55-->src\main\AndroidManifest.xml:15:5-101
56            android:name="unity.build-id"
56-->src\main\AndroidManifest.xml:15:16-45
57            android:value="28a8cca8-e23a-4dbd-8cd9-2400176af5c2" />
57-->src\main\AndroidManifest.xml:15:46-98
58    </application>
59
60</manifest>